<?xml version="1.0" encoding="UTF-8"?>
<!-- Generated by org.testng.reporters.JUnitReportReporter -->
<testsuite hostname="DESKTOP-JQAP8PL" failures="0" tests="6" name="asseration.TestNG_Asseration" time="0.023" errors="0" timestamp="2023-09-16T13:59:50 IST" skipped="0">
  <testcase classname="asseration.TestNG_Asseration" name="notnull1" time="0.002"/>
  <testcase classname="asseration.TestNG_Asseration" name="null1" time="0.001"/>
  <testcase classname="asseration.TestNG_Asseration" name="false1" time="0.003"/>
  <testcase classname="asseration.TestNG_Asseration" name="notequals" time="0.002"/>
  <testcase classname="asseration.TestNG_Asseration" name="equals" time="0.013"/>
  <testcase classname="asseration.TestNG_Asseration" name="true1" time="0.002"/>
</testsuite> <!-- asseration.TestNG_Asseration -->
