<?xml version="1.0" encoding="UTF-8"?>
<!-- Generated by org.testng.reporters.JUnitReportReporter -->
<testsuite hostname="DESKTOP-JQAP8PL" failures="0" tests="8" name="testingBasic.Example1" time="0.035" errors="0" timestamp="2023-09-15T21:54:46 IST" skipped="0">
  <testcase classname="testingBasic.Example1" name="lop" time="0.002"/>
  <testcase classname="testingBasic.Example1" name="lop" time="0.003"/>
  <testcase classname="testingBasic.Example1" name="lop" time="0.004"/>
  <testcase classname="testingBasic.Example1" name="lop" time="0.002"/>
  <testcase classname="testingBasic.Example1" name="lop" time="0.008"/>
  <testcase classname="testingBasic.Example1" name="lop" time="0.007"/>
  <testcase classname="testingBasic.Example1" name="abc" time="0.007"/>
  <testcase classname="testingBasic.Example1" name="xyz" time="0.002"/>
</testsuite> <!-- testingBasic.Example1 -->
