<?xml version="1.0" encoding="UTF-8"?>
<!-- Generated by org.testng.reporters.JUnitReportReporter -->
<testsuite hostname="DESKTOP-JQAP8PL" failures="0" tests="1" name="annotationConcepts.Example1" time="0.025" errors="0" timestamp="2023-09-15T14:06:01 IST" skipped="0">
  <testcase classname="annotationConcepts.Example1" name="abc" time="0.025"/>
</testsuite> <!-- annotationConcepts.Example1 -->
