<?xml version="1.0" encoding="UTF-8"?>
<!-- Generated by org.testng.reporters.JUnitReportReporter -->
<testsuite hostname="DESKTOP-JQAP8PL" failures="0" tests="1" name="pageLayer.Example1" time="0.004" errors="0" timestamp="2023-09-15T21:54:46 IST" skipped="0">
  <testcase classname="pageLayer.Example1" name="abc" time="0.004"/>
</testsuite> <!-- pageLayer.Example1 -->
