<?xml version="1.0" encoding="UTF-8"?>
<!-- Generated by org.testng.reporters.JUnitReportReporter -->
<testsuite hostname="DESKTOP-JQAP8PL" failures="0" tests="3" name="testingBasic.Example3" time="0.005" errors="0" timestamp="2023-09-15T21:54:46 IST" skipped="1">
  <testcase classname="testingBasic.Example3" name="lop" time="0.002"/>
  <testcase classname="testingBasic.Example3" name="abc" time="0.003"/>
  <testcase classname="testingBasic.Example3" name="xyz">
    <skipped/>
  </testcase> <!-- xyz -->
</testsuite> <!-- testingBasic.Example3 -->
