<?xml version="1.0" encoding="UTF-8"?>
<!-- Generated by org.testng.reporters.JUnitReportReporter -->
<testsuite hostname="DESKTOP-JQAP8PL" failures="0" tests="8" name="testingBasic.Example4" time="0.022" errors="0" timestamp="2023-09-14T21:16:27 IST" skipped="1">
  <testcase classname="testingBasic.Example4" name="lop" time="0.002"/>
  <testcase classname="testingBasic.Example4" name="lop" time="0.002"/>
  <testcase classname="testingBasic.Example4" name="lop" time="0.001"/>
  <testcase classname="testingBasic.Example4" name="lop" time="0.002"/>
  <testcase classname="testingBasic.Example4" name="lop" time="0.013"/>
  <testcase classname="testingBasic.Example4" name="lop" time="0.001"/>
  <testcase classname="testingBasic.Example4" name="abc" time="0.001"/>
  <testcase classname="testingBasic.Example4" name="xyz">
    <skipped/>
  </testcase> <!-- xyz -->
</testsuite> <!-- testingBasic.Example4 -->
